<?xml version="1.0" encoding="UTF-8"?>
<TestRun id="f419b176-30f4-472e-9f65-e9890c599cd2" name="mwalfall@NETOPS-11465 2012-10-03 16:12:58" runUser="SSAD\mwalfall" xmlns="http://microsoft.com/schemas/VisualStudio/TeamTest/2010">
  <TestSettings name="Local" id="b9808095-73a6-495e-bb44-f42e87e9e984">
    <Description>These are default test settings for a local test run.</Description>
    <Deployment enabled="false" runDeploymentRoot="mwalfall_NETOPS-11465 2012-10-03 16_12_58">
      <DeploymentItem filename="C:\Fleet-Management-RuleEngine\RuleEngine\DataAccess\bin\Release\RulesDataAccess.dll" />
      <DeploymentItem filename="C:\Fleet-Management-RuleEngine\RuleEngine\Repository\bin\Release\RulesRepository.dll" />
      <DeploymentItem filename="C:\FleetPrototypes\RuleEnginePrototypeLocal\Domain\bin\Release\Domain.dll" />
      <DeploymentItem filename="C:\Fleet-Management-RuleEngine\RuleEngine\RuleEngine\bin\Release\RuleEngine.dll" />
      <DeploymentItem filename="C:\Fleet-Management-RuleEngine\RuleEngine\Rules\bin\Release\Rules.dll" />
    </Deployment>
    <Execution>
      <TestTypeSpecific />
      <AgentRule name="Execution Agents">
      </AgentRule>
    </Execution>
  </TestSettings>
  <Times creation="2012-10-03T16:12:58.1674599-04:00" queuing="2012-10-03T16:12:58.2154647-04:00" start="2012-10-03T16:12:58.2294661-04:00" finish="2012-10-03T16:13:06.2052636-04:00" />
  <ResultSummary outcome="Failed">
    <Counters total="1" executed="1" error="0" failed="1" timeout="0" aborted="0" inconclusive="0" passedButRunAborted="0" notRunnable="0" notExecuted="0" disconnected="0" warning="0" passed="0" completed="0" inProgress="0" pending="0" />
  </ResultSummary>
  <TestDefinitions>
    <UnitTest name="EditTest" storage="c:\fleet-management-ruleengine\ruleengine\ruleengine.test\bin\release\ruleengine.test.dll" id="6692c579-6cbf-236e-40c8-687e41ab887f">
      <Execution id="6418d296-59c0-4a12-94c8-4dd513b3d00f" />
      <TestMethod codeBase="C:/Fleet-Management-RuleEngine/RuleEngine/RuleEngine.Test/bin/Release/RuleEngine.Test.DLL" adapterTypeName="Microsoft.VisualStudio.TestTools.TestTypes.Unit.UnitTestAdapter, Microsoft.VisualStudio.QualityTools.Tips.UnitTest.Adapter, Version=10.0.0.0, Culture=neutral, PublicKeyToken=b03f5f7f11d50a3a" className="RuleEngine.Test.ControllerTest, RuleEngine.Test, Version=1.0.0.0, Culture=neutral, PublicKeyToken=null" name="EditTest" />
    </UnitTest>
  </TestDefinitions>
  <TestLists>
    <TestList name="Results Not in a List" id="8c84fa94-04c1-424b-9868-57a2d4851a1d" />
    <TestList name="All Loaded Results" id="19431567-8539-422a-85d7-44ee4e166bda" />
  </TestLists>
  <TestEntries>
    <TestEntry testId="6692c579-6cbf-236e-40c8-687e41ab887f" executionId="6418d296-59c0-4a12-94c8-4dd513b3d00f" testListId="8c84fa94-04c1-424b-9868-57a2d4851a1d" />
  </TestEntries>
  <Results>
    <UnitTestResult executionId="6418d296-59c0-4a12-94c8-4dd513b3d00f" testId="6692c579-6cbf-236e-40c8-687e41ab887f" testName="EditTest" computerName="NETOPS-11465" duration="00:00:06.1788083" startTime="2012-10-03T16:12:58.2624694-04:00" endTime="2012-10-03T16:13:04.6551086-04:00" testType="13cdc9d9-ddb5-4fa4-a97d-d965ccfc6d4b" outcome="Failed" testListId="8c84fa94-04c1-424b-9868-57a2d4851a1d" relativeResultsDirectory="6418d296-59c0-4a12-94c8-4dd513b3d00f">
      <Output>
        <ErrorInfo>
          <Message>Test method RuleEngine.Test.ControllerTest.EditTest threw exception: 
System.NullReferenceException: A corresponding StatusTransition object was not obtained from database.</Message>
          <StackTrace>    at Domain.RuleEngine.RuleService..ctor(VehicleModel vehicle) in C:\FleetPrototypes\RuleEnginePrototypeLocal\Domain\RuleEngine\RuleService.cs:line 32
   at Domain.Controller.Edit() in C:\FleetPrototypes\RuleEnginePrototypeLocal\Domain\Controller.cs:line 22
   at RuleEngine.Test.ControllerTest.EditTest() in C:\Fleet-Management-RuleEngine\RuleEngine\RuleEngine.Test\ControllerTest.cs:line 59
</StackTrace>
        </ErrorInfo>
      </Output>
    </UnitTestResult>
  </Results>
</TestRun>